<?xml version="1.0" encoding="UTF-8"?>
<!-- Generated by org.testng.reporters.JUnitXMLReporter -->
<testsuite ignored="5" hostname="LAPTOP-GQ2D66KP" failures="0" tests="1" name="Default test" time="52.454" errors="0" timestamp="2023-10-30T12:44:25 EET">
  <testcase classname="TestCases" name="LowestPrice" time="16.602"/>
  <testcase classname="TestCases" name="TestTheHotelTab" time="0.0">
    <ignored/>
  </testcase> <!-- TestTheHotelTab -->
  <testcase classname="TestCases" name="CheckTheLanguage" time="0.0">
    <ignored/>
  </testcase> <!-- CheckTheLanguage -->
  <testcase classname="TestCases" name="checkTheCurrency" time="0.0">
    <ignored/>
  </testcase> <!-- checkTheCurrency -->
  <testcase classname="TestCases" name="checkDefaultFlightDates" time="0.0">
    <ignored/>
  </testcase> <!-- checkDefaultFlightDates -->
  <testcase classname="TestCases" name="checkTheContactNumber" time="0.0">
    <ignored/>
  </testcase> <!-- checkTheContactNumber -->
</testsuite> <!-- Default test -->
