<?xml version="1.0" encoding="UTF-8"?>
<testng-results ignored="5" total="6" passed="1" failed="0" skipped="0">
  <reporter-output>
  </reporter-output>
  <suite started-at="2023-10-30T12:43:33 EET" name="Default suite" finished-at="2023-10-30T12:44:25 EET" duration-ms="52454">
    <groups>
    </groups>
    <test started-at="2023-10-30T12:43:33 EET" name="Default test" finished-at="2023-10-30T12:44:25 EET" duration-ms="52454">
      <class name="TestCases">
        <test-method is-config="true" signature="mySetup()[pri:0, instance:TestCases@2ca47471]" started-at="2023-10-30T12:43:33 EET" name="mySetup" finished-at="2023-10-30T12:44:09 EET" duration-ms="35811" status="PASS">
          <reporter-output>
          </reporter-output>
        </test-method> <!-- mySetup -->
        <test-method signature="LowestPrice()[pri:0, instance:TestCases@2ca47471]" started-at="2023-10-30T12:44:09 EET" name="LowestPrice" finished-at="2023-10-30T12:44:25 EET" duration-ms="16602" status="PASS">
          <reporter-output>
          </reporter-output>
        </test-method> <!-- LowestPrice -->
        <test-method is-config="true" signature="postTesting()[pri:0, instance:TestCases@2ca47471]" started-at="2023-10-30T12:44:25 EET" name="postTesting" finished-at="2023-10-30T12:44:25 EET" duration-ms="0" status="PASS">
          <reporter-output>
          </reporter-output>
        </test-method> <!-- postTesting -->
      </class> <!-- TestCases -->
    </test> <!-- Default test -->
  </suite> <!-- Default suite -->
</testng-results>
